NOTE: Picked up JDK_JAVA_OPTIONS:  --add-opens=java.base/java.lang=ALL-UNNAMED --add-opens=java.base/java.io=ALL-UNNAMED --add-opens=java.base/java.util=ALL-UNNAMED --add-opens=java.base/java.util.concurrent=ALL-UNNAMED --add-opens=java.rmi/sun.rmi.transport=ALL-UNNAMED
usage: java org.apache.catalina.startup.Catalina [ -config {pathname} ] [ -nonaming ] [ -generateCode [ {pathname} ] ] [ -useGeneratedCode ] { -help | start | stop }
31-Jul-2025 05:20:13.445 INFO [main] org.apache.catalina.startup.VersionLoggerListener.log Server version name:   Apache Tomcat/9.0.86
31-Jul-2025 05:20:13.448 INFO [main] org.apache.catalina.startup.VersionLoggerListener.log Server built:          Feb 14 2024 08:15:12 UTC
31-Jul-2025 05:20:13.448 INFO [main] org.apache.catalina.startup.VersionLoggerListener.log Server version number: 9.0.86.0
31-Jul-2025 05:20:13.448 INFO [main] org.apache.catalina.startup.VersionLoggerListener.log OS Name:               Linux
31-Jul-2025 05:20:13.449 INFO [main] org.apache.catalina.startup.VersionLoggerListener.log OS Version:            6.1.144-170.251.amzn2023.x86_64
31-Jul-2025 05:20:13.449 INFO [main] org.apache.catalina.startup.VersionLoggerListener.log Architecture:          amd64
31-Jul-2025 05:20:13.449 INFO [main] org.apache.catalina.startup.VersionLoggerListener.log Java Home:             /usr/lib/jvm/java-17-amazon-corretto.x86_64
31-Jul-2025 05:20:13.449 INFO [main] org.apache.catalina.startup.VersionLoggerListener.log JVM Version:           17.0.16+8-LTS
31-Jul-2025 05:20:13.449 INFO [main] org.apache.catalina.startup.VersionLoggerListener.log JVM Vendor:            Amazon.com Inc.
31-Jul-2025 05:20:13.449 INFO [main] org.apache.catalina.startup.VersionLoggerListener.log CATALINA_BASE:         /root/project-1-maven-jenkins-CICD-docker-eks-/tomcat
31-Jul-2025 05:20:13.449 INFO [main] org.apache.catalina.startup.VersionLoggerListener.log CATALINA_HOME:         /root/project-1-maven-jenkins-CICD-docker-eks-/tomcat
31-Jul-2025 05:20:13.463 INFO [main] org.apache.catalina.startup.VersionLoggerListener.log Command line argument: --add-opens=java.base/java.lang=ALL-UNNAMED
31-Jul-2025 05:20:13.463 INFO [main] org.apache.catalina.startup.VersionLoggerListener.log Command line argument: --add-opens=java.base/java.io=ALL-UNNAMED
31-Jul-2025 05:20:13.463 INFO [main] org.apache.catalina.startup.VersionLoggerListener.log Command line argument: --add-opens=java.base/java.util=ALL-UNNAMED
31-Jul-2025 05:20:13.463 INFO [main] org.apache.catalina.startup.VersionLoggerListener.log Command line argument: --add-opens=java.base/java.util.concurrent=ALL-UNNAMED
31-Jul-2025 05:20:13.463 INFO [main] org.apache.catalina.startup.VersionLoggerListener.log Command line argument: --add-opens=java.rmi/sun.rmi.transport=ALL-UNNAMED
31-Jul-2025 05:20:13.463 INFO [main] org.apache.catalina.startup.VersionLoggerListener.log Command line argument: -Djava.util.logging.config.file=/root/project-1-maven-jenkins-CICD-docker-eks-/tomcat/conf/logging.properties
31-Jul-2025 05:20:13.464 INFO [main] org.apache.catalina.startup.VersionLoggerListener.log Command line argument: -Djava.util.logging.manager=org.apache.juli.ClassLoaderLogManager
31-Jul-2025 05:20:13.464 INFO [main] org.apache.catalina.startup.VersionLoggerListener.log Command line argument: -Djdk.tls.ephemeralDHKeySize=2048
31-Jul-2025 05:20:13.464 INFO [main] org.apache.catalina.startup.VersionLoggerListener.log Command line argument: -Djava.protocol.handler.pkgs=org.apache.catalina.webresources
31-Jul-2025 05:20:13.464 INFO [main] org.apache.catalina.startup.VersionLoggerListener.log Command line argument: -Dorg.apache.catalina.security.SecurityListener.UMASK=0027
31-Jul-2025 05:20:13.464 INFO [main] org.apache.catalina.startup.VersionLoggerListener.log Command line argument: -Dignore.endorsed.dirs=
31-Jul-2025 05:20:13.464 INFO [main] org.apache.catalina.startup.VersionLoggerListener.log Command line argument: -Dcatalina.base=/root/project-1-maven-jenkins-CICD-docker-eks-/tomcat
31-Jul-2025 05:20:13.464 INFO [main] org.apache.catalina.startup.VersionLoggerListener.log Command line argument: -Dcatalina.home=/root/project-1-maven-jenkins-CICD-docker-eks-/tomcat
31-Jul-2025 05:20:13.464 INFO [main] org.apache.catalina.startup.VersionLoggerListener.log Command line argument: -Djava.io.tmpdir=/root/project-1-maven-jenkins-CICD-docker-eks-/tomcat/temp
31-Jul-2025 05:20:13.466 INFO [main] org.apache.catalina.core.AprLifecycleListener.lifecycleEvent The Apache Tomcat Native library which allows using OpenSSL was not found on the java.library.path: [/usr/java/packages/lib:/usr/lib64:/lib64:/lib:/usr/lib]
31-Jul-2025 05:20:13.901 INFO [main] org.apache.coyote.AbstractProtocol.init Initializing ProtocolHandler ["http-nio-8081"]
31-Jul-2025 05:20:13.928 INFO [main] org.apache.catalina.startup.Catalina.load Server initialization in [706] milliseconds
31-Jul-2025 05:20:13.987 INFO [main] org.apache.catalina.core.StandardService.startInternal Starting service [Catalina]
31-Jul-2025 05:20:13.988 INFO [main] org.apache.catalina.core.StandardEngine.startInternal Starting Servlet engine: [Apache Tomcat/9.0.86]
31-Jul-2025 05:20:14.000 INFO [main] org.apache.catalina.startup.HostConfig.deployDirectory Deploying web application directory [/root/project-1-maven-jenkins-CICD-docker-eks-/tomcat/webapps/ROOT]
31-Jul-2025 05:20:14.305 INFO [main] org.apache.catalina.startup.HostConfig.deployDirectory Deployment of web application directory [/root/project-1-maven-jenkins-CICD-docker-eks-/tomcat/webapps/ROOT] has finished in [305] ms
31-Jul-2025 05:20:14.305 INFO [main] org.apache.catalina.startup.HostConfig.deployDirectory Deploying web application directory [/root/project-1-maven-jenkins-CICD-docker-eks-/tomcat/webapps/docs]
31-Jul-2025 05:20:14.330 INFO [main] org.apache.catalina.startup.HostConfig.deployDirectory Deployment of web application directory [/root/project-1-maven-jenkins-CICD-docker-eks-/tomcat/webapps/docs] has finished in [25] ms
31-Jul-2025 05:20:14.333 INFO [main] org.apache.catalina.startup.HostConfig.deployDirectory Deploying web application directory [/root/project-1-maven-jenkins-CICD-docker-eks-/tomcat/webapps/examples]
31-Jul-2025 05:20:14.622 INFO [main] org.apache.catalina.startup.HostConfig.deployDirectory Deployment of web application directory [/root/project-1-maven-jenkins-CICD-docker-eks-/tomcat/webapps/examples] has finished in [289] ms
31-Jul-2025 05:20:14.623 INFO [main] org.apache.catalina.startup.HostConfig.deployDirectory Deploying web application directory [/root/project-1-maven-jenkins-CICD-docker-eks-/tomcat/webapps/host-manager]
31-Jul-2025 05:20:14.656 INFO [main] org.apache.catalina.startup.HostConfig.deployDirectory Deployment of web application directory [/root/project-1-maven-jenkins-CICD-docker-eks-/tomcat/webapps/host-manager] has finished in [34] ms
31-Jul-2025 05:20:14.657 INFO [main] org.apache.catalina.startup.HostConfig.deployDirectory Deploying web application directory [/root/project-1-maven-jenkins-CICD-docker-eks-/tomcat/webapps/manager]
31-Jul-2025 05:20:14.696 INFO [main] org.apache.catalina.startup.HostConfig.deployDirectory Deployment of web application directory [/root/project-1-maven-jenkins-CICD-docker-eks-/tomcat/webapps/manager] has finished in [39] ms
31-Jul-2025 05:20:14.703 INFO [main] org.apache.coyote.AbstractProtocol.start Starting ProtocolHandler ["http-nio-8081"]
31-Jul-2025 05:20:14.714 INFO [main] org.apache.catalina.startup.Catalina.start Server startup in [785] milliseconds
31-Jul-2025 05:23:54.736 INFO [Catalina-utility-2] org.apache.catalina.startup.HostConfig.undeploy Undeploying context [/host-manager]
31-Jul-2025 05:23:54.749 INFO [Catalina-utility-2] org.apache.catalina.startup.HostConfig.deployDirectory Deploying web application directory [/root/project-1-maven-jenkins-CICD-docker-eks-/tomcat/webapps/host-manager]
31-Jul-2025 05:23:54.766 INFO [Catalina-utility-2] org.apache.catalina.startup.HostConfig.deployDirectory Deployment of web application directory [/root/project-1-maven-jenkins-CICD-docker-eks-/tomcat/webapps/host-manager] has finished in [16] ms
31-Jul-2025 05:26:54.788 INFO [Catalina-utility-1] org.apache.catalina.startup.HostConfig.undeploy Undeploying context [/manager]
31-Jul-2025 05:26:54.792 INFO [Catalina-utility-1] org.apache.catalina.startup.HostConfig.deployDirectory Deploying web application directory [/root/project-1-maven-jenkins-CICD-docker-eks-/tomcat/webapps/manager]
31-Jul-2025 05:26:54.809 INFO [Catalina-utility-1] org.apache.catalina.startup.HostConfig.deployDirectory Deployment of web application directory [/root/project-1-maven-jenkins-CICD-docker-eks-/tomcat/webapps/manager] has finished in [17] ms
31-Jul-2025 05:31:14.838 INFO [Catalina-utility-2] org.apache.catalina.users.MemoryUserDatabase.backgroundProcess Reloading memory user database [UserDatabase] from updated source [file:/root/project-1-maven-jenkins-CICD-docker-eks-/tomcat/conf/tomcat-users.xml]
31-Jul-2025 05:40:54.902 INFO [Catalina-utility-2] org.apache.catalina.startup.HostConfig.deployWAR Deploying web application archive [/root/project-1-maven-jenkins-CICD-docker-eks-/tomcat/webapps/webapp.war]
31-Jul-2025 05:40:54.930 INFO [Catalina-utility-2] org.apache.catalina.startup.HostConfig.deployWAR Deployment of web application archive [/root/project-1-maven-jenkins-CICD-docker-eks-/tomcat/webapps/webapp.war] has finished in [28] ms
31-Jul-2025 05:48:44.984 INFO [Catalina-utility-1] org.apache.catalina.startup.HostConfig.undeploy Undeploying context [/webapp]
31-Jul-2025 05:48:44.995 INFO [Catalina-utility-1] org.apache.catalina.startup.HostConfig.deployWAR Deploying web application archive [/root/project-1-maven-jenkins-CICD-docker-eks-/tomcat/webapps/webapp.war]
31-Jul-2025 05:48:45.010 INFO [Catalina-utility-1] org.apache.catalina.startup.HostConfig.deployWAR Deployment of web application archive [/root/project-1-maven-jenkins-CICD-docker-eks-/tomcat/webapps/webapp.war] has finished in [14] ms
31-Jul-2025 06:05:25.613 INFO [http-nio-8081-exec-26] org.apache.coyote.http11.Http11Processor.service Error parsing HTTP request header
 Note: further occurrences of HTTP request parsing errors will be logged at DEBUG level.
	java.lang.IllegalArgumentException: Invalid character found in method name [0x040x010x00PAl0x97?00x00...]. HTTP method names must be tokens
		at org.apache.coyote.http11.Http11InputBuffer.parseRequestLine(Http11InputBuffer.java:407)
		at org.apache.coyote.http11.Http11Processor.service(Http11Processor.java:263)
		at org.apache.coyote.AbstractProcessorLight.process(AbstractProcessorLight.java:63)
		at org.apache.coyote.AbstractProtocol$ConnectionHandler.process(AbstractProtocol.java:928)
		at org.apache.tomcat.util.net.NioEndpoint$SocketProcessor.doRun(NioEndpoint.java:1794)
		at org.apache.tomcat.util.net.SocketProcessorBase.run(SocketProcessorBase.java:52)
		at org.apache.tomcat.util.threads.ThreadPoolExecutor.runWorker(ThreadPoolExecutor.java:1191)
		at org.apache.tomcat.util.threads.ThreadPoolExecutor$Worker.run(ThreadPoolExecutor.java:659)
		at org.apache.tomcat.util.threads.TaskThread$WrappingRunnable.run(TaskThread.java:63)
		at java.base/java.lang.Thread.run(Thread.java:840)
